<?xml version="1.0" encoding="UTF-8"?>
<!-- Generated by org.testng.reporters.JUnitReportReporter -->
<testsuite hostname="Donalds-MacBook-Pro.local" name="com.zopa.Tests.SignUpFlow" tests="1" failures="0" timestamp="26 Sep 2017 00:55:11 GMT" time="135.759" errors="0">
  <testcase name="SignUpFlow" time="135.759" classname="com.zopa.Tests.SignUpFlow"/>
</testsuite> <!-- com.zopa.Tests.SignUpFlow -->
