<?xml version="1.0" encoding="UTF-8"?>
<!-- Generated by org.testng.reporters.JUnitReportReporter -->
<testsuite hostname="Donalds-MacBook-Pro.local" name="com.zopa.Tests.NewTest" tests="1" failures="0" timestamp="23 Sep 2017 19:34:18 GMT" time="0.250" errors="0">
  <testcase name="successfulLogin" time="0.250" classname="com.zopa.Tests.NewTest"/>
</testsuite> <!-- com.zopa.Tests.NewTest -->
