<?xml version="1.0" encoding="UTF-8"?>
<!-- Generated by org.testng.reporters.JUnitReportReporter -->
<testsuite hostname="Donalds-MacBook-Pro.local" name="com.zopa.Tests.SignUp_SadPath" tests="2" failures="0" timestamp="26 Sep 2017 00:55:16 GMT" time="130.930" errors="0">
  <testcase name="PostCodeValidation" time="101.284" classname="com.zopa.Tests.SignUp_SadPath"/>
  <testcase name="emailVerification" time="29.646" classname="com.zopa.Tests.SignUp_SadPath"/>
</testsuite> <!-- com.zopa.Tests.SignUp_SadPath -->
