<?xml version="1.0" encoding="UTF-8"?>
<!-- Generated by org.testng.reporters.JUnitReportReporter -->
<testsuite hostname="Donalds-MacBook-Pro.local" name="com.zopa.Tests.SignUp_SadPath" tests="2" failures="0" timestamp="24 Sep 2017 21:00:00 GMT" time="140.135" errors="0">
  <testcase name="emailVerification" time="68.791" classname="com.zopa.Tests.SignUp_SadPath"/>
  <testcase name="PostCodeValidation" time="71.344" classname="com.zopa.Tests.SignUp_SadPath"/>
</testsuite> <!-- com.zopa.Tests.SignUp_SadPath -->
