<?xml version="1.0" encoding="UTF-8"?>
<!-- Generated by org.testng.reporters.JUnitReportReporter -->
<testsuite hostname="Donalds-MacBook-Pro.local" name="com.zopa.Tests.SIgnUpFlow" tests="1" failures="0" timestamp="23 Sep 2017 21:00:41 GMT" time="30.946" errors="0">
  <testcase name="SignUpFlow" time="30.946" classname="com.zopa.Tests.SIgnUpFlow"/>
</testsuite> <!-- com.zopa.Tests.SIgnUpFlow -->
