<?xml version="1.0" encoding="UTF-8"?>
<!-- Generated by org.testng.reporters.JUnitReportReporter -->
<testsuite hostname="Donalds-MacBook-Pro.local" name="com.zopa.Tests.SIgnUpFlow" tests="1" failures="0" timestamp="23 Sep 2017 08:03:49 GMT" time="47.481" errors="0">
  <testcase name="SignUpFlow" time="47.481" classname="com.zopa.Tests.SIgnUpFlow"/>
</testsuite> <!-- com.zopa.Tests.SIgnUpFlow -->
