<?xml version="1.0" encoding="UTF-8"?>
<!-- Generated by org.testng.reporters.JUnitReportReporter -->
<testsuite hostname="Donalds-MacBook-Pro.local" name="com.zopa.Tests.SIgnUpFlow" tests="1" failures="0" timestamp="24 Sep 2017 00:02:27 GMT" time="27.994" errors="0">
  <testcase name="SignUpFlow" time="27.994" classname="com.zopa.Tests.SIgnUpFlow"/>
</testsuite> <!-- com.zopa.Tests.SIgnUpFlow -->
