<?xml version="1.0" encoding="UTF-8"?>
<!-- Generated by org.testng.reporters.JUnitReportReporter -->
<testsuite hostname="Donalds-MacBook-Pro.local" name="com.zopa.Tests.SignUp_SadPath" tests="1" failures="0" timestamp="23 Sep 2017 22:21:42 GMT" time="27.858" errors="0">
  <testcase name="emailVerification" time="27.858" classname="com.zopa.Tests.SignUp_SadPath"/>
</testsuite> <!-- com.zopa.Tests.SignUp_SadPath -->
