<?xml version="1.0" encoding="UTF-8"?>
<!-- Generated by org.testng.reporters.JUnitReportReporter -->
<testsuite hostname="Donalds-MacBook-Pro.local" name="com.zopa.Tests.loginSuccess" tests="1" failures="0" timestamp="14 Oct 2017 21:01:03 GMT" time="9.561" errors="0">
  <testcase name="f" time="9.561" classname="com.zopa.Tests.loginSuccess"/>
</testsuite> <!-- com.zopa.Tests.loginSuccess -->
