<?xml version="1.0" encoding="UTF-8"?>
<!-- Generated by org.testng.reporters.JUnitReportReporter -->
<testsuite hostname="Donalds-MacBook-Pro.local" name="com.zopa.Tests.SignUp_SadPath" tests="1" failures="0" timestamp="23 Sep 2017 06:53:50 GMT" time="26.800" errors="0">
  <testcase name="emailVerification" time="26.800" classname="com.zopa.Tests.SignUp_SadPath"/>
</testsuite> <!-- com.zopa.Tests.SignUp_SadPath -->
