<?xml version="1.0" encoding="UTF-8"?>
<!-- Generated by org.testng.reporters.JUnitReportReporter -->
<testsuite hostname="Donalds-MacBook-Pro.local" name="com.zopa.Tests.SignUpFlow" tests="1" failures="0" timestamp="9 Oct 2017 20:32:29 GMT" time="42.297" errors="0">
  <testcase name="SignUpFlow" time="42.297" classname="com.zopa.Tests.SignUpFlow"/>
</testsuite> <!-- com.zopa.Tests.SignUpFlow -->
