<?xml version="1.0" encoding="UTF-8"?>
<!-- Generated by org.testng.reporters.JUnitReportReporter -->
<testsuite hostname="Donalds-MacBook-Pro.local" name="com.zopa.Tests.SignUpFlow" tests="1" failures="0" timestamp="27 Sep 2017 01:36:16 GMT" time="44.981" errors="0">
  <testcase name="SignUpFlow" time="44.981" classname="com.zopa.Tests.SignUpFlow"/>
</testsuite> <!-- com.zopa.Tests.SignUpFlow -->
